2025-07-02T16:15:42.321+05:30  INFO 4672 --- [ProductSpringBatchProject] [restartedMain] e.s.ProductSpringBatchProjectApplication : Starting ProductSpringBatchProjectApplication using Java 21.0.6 with PID 4672 (D:\Workspace\STS\ProductSpringBatchProject\target\classes started by Lenovo in D:\Workspace\STS\ProductSpringBatchProject)
2025-07-02T16:15:42.322+05:30  INFO 4672 --- [ProductSpringBatchProject] [restartedMain] e.s.ProductSpringBatchProjectApplication : No active profile set, falling back to 1 default profile: "default"
2025-07-02T16:15:42.354+05:30  INFO 4672 --- [ProductSpringBatchProject] [restartedMain] .e.DevToolsPropertyDefaultsPostProcessor : Devtools property defaults active! Set 'spring.devtools.add-properties' to 'false' to disable
2025-07-02T16:15:42.354+05:30  INFO 4672 --- [ProductSpringBatchProject] [restartedMain] .e.DevToolsPropertyDefaultsPostProcessor : For additional web related logging consider setting the 'logging.level.web' property to 'DEBUG'
2025-07-02T16:15:42.807+05:30  INFO 4672 --- [ProductSpringBatchProject] [restartedMain] .s.d.r.c.RepositoryConfigurationDelegate : Bootstrapping Spring Data JDBC repositories in DEFAULT mode.
2025-07-02T16:15:42.822+05:30  INFO 4672 --- [ProductSpringBatchProject] [restartedMain] .s.d.r.c.RepositoryConfigurationDelegate : Finished Spring Data repository scanning in 10 ms. Found 0 JDBC repository interfaces.
2025-07-02T16:15:43.146+05:30  INFO 4672 --- [ProductSpringBatchProject] [restartedMain] o.s.b.w.embedded.tomcat.TomcatWebServer  : Tomcat initialized with port 8080 (http)
2025-07-02T16:15:43.157+05:30  INFO 4672 --- [ProductSpringBatchProject] [restartedMain] o.apache.catalina.core.StandardService   : Starting service [Tomcat]
2025-07-02T16:15:43.158+05:30  INFO 4672 --- [ProductSpringBatchProject] [restartedMain] o.apache.catalina.core.StandardEngine    : Starting Servlet engine: [Apache Tomcat/10.1.42]
2025-07-02T16:15:43.200+05:30  INFO 4672 --- [ProductSpringBatchProject] [restartedMain] o.a.c.c.C.[Tomcat].[localhost].[/]       : Initializing Spring embedded WebApplicationContext
2025-07-02T16:15:43.200+05:30  INFO 4672 --- [ProductSpringBatchProject] [restartedMain] w.s.c.ServletWebServerApplicationContext : Root WebApplicationContext: initialization completed in 845 ms
2025-07-02T16:15:43.287+05:30  INFO 4672 --- [ProductSpringBatchProject] [restartedMain] com.zaxxer.hikari.HikariDataSource       : HikariPool-1 - Starting...
2025-07-02T16:15:43.545+05:30  INFO 4672 --- [ProductSpringBatchProject] [restartedMain] com.zaxxer.hikari.pool.HikariPool        : HikariPool-1 - Added connection com.mysql.cj.jdbc.ConnectionImpl@485d4500
2025-07-02T16:15:43.547+05:30  INFO 4672 --- [ProductSpringBatchProject] [restartedMain] com.zaxxer.hikari.HikariDataSource       : HikariPool-1 - Start completed.
2025-07-02T16:15:43.979+05:30  WARN 4672 --- [ProductSpringBatchProject] [restartedMain] ConfigServletWebServerApplicationContext : Exception encountered during context initialization - cancelling refresh attempt: org.springframework.beans.factory.UnsatisfiedDependencyException: Error creating bean with name 'batchController': Unsatisfied dependency expressed through field 'importProductJob': No qualifying bean of type 'org.springframework.batch.core.Job' available: expected at least 1 bean which qualifies as autowire candidate. Dependency annotations: {@org.springframework.beans.factory.annotation.Autowired(required=true)}
2025-07-02T16:15:43.980+05:30  INFO 4672 --- [ProductSpringBatchProject] [restartedMain] com.zaxxer.hikari.HikariDataSource       : HikariPool-1 - Shutdown initiated...
2025-07-02T16:15:43.988+05:30  INFO 4672 --- [ProductSpringBatchProject] [restartedMain] com.zaxxer.hikari.HikariDataSource       : HikariPool-1 - Shutdown completed.
2025-07-02T16:15:43.990+05:30  INFO 4672 --- [ProductSpringBatchProject] [restartedMain] o.apache.catalina.core.StandardService   : Stopping service [Tomcat]
2025-07-02T16:15:43.999+05:30  INFO 4672 --- [ProductSpringBatchProject] [restartedMain] .s.b.a.l.ConditionEvaluationReportLogger : 

Error starting ApplicationContext. To display the condition evaluation report re-run your application with 'debug' enabled.
2025-07-02T16:15:44.014+05:30 ERROR 4672 --- [ProductSpringBatchProject] [restartedMain] o.s.b.d.LoggingFailureAnalysisReporter   : 

***************************
APPLICATION FAILED TO START
***************************

Description:

Field importProductJob in com.eon.springbatch.controller.BatchController required a bean of type 'org.springframework.batch.core.Job' that could not be found.

The injection point has the following annotations:
	- @org.springframework.beans.factory.annotation.Autowired(required=true)


Action:

Consider defining a bean of type 'org.springframework.batch.core.Job' in your configuration.

